[0.094s] DEBUG:colcon:Command line arguments: ['/usr/bin/colcon', 'build', '--packages-select', 'realsense_tester']
[0.094s] DEBUG:colcon:Parsed command line arguments: Namespace(log_base=None, log_level=None, verb_name='build', build_base='build', install_base='install', merge_install=False, symlink_install=False, test_result_base=None, continue_on_error=False, executor='parallel', parallel_workers=12, event_handlers=None, ignore_user_meta=False, metas=['./colcon.meta'], base_paths=['.'], packages_ignore=None, packages_ignore_regex=None, paths=None, packages_up_to=None, packages_up_to_regex=None, packages_above=None, packages_above_and_dependencies=None, packages_above_depth=None, packages_select_by_dep=None, packages_skip_by_dep=None, packages_skip_up_to=None, packages_select_build_failed=False, packages_skip_build_finished=False, packages_select_test_failures=False, packages_skip_test_passed=False, packages_select=['realsense_tester'], packages_skip=None, packages_select_regex=None, packages_skip_regex=None, packages_start=None, packages_end=None, allow_overriding=[], cmake_args=None, cmake_target=None, cmake_target_skip_unavailable=False, cmake_clean_cache=False, cmake_clean_first=False, cmake_force_configure=False, ament_cmake_args=None, catkin_cmake_args=None, catkin_skip_building_tests=False, verb_parser=<colcon_defaults.argument_parser.defaults.DefaultArgumentsDecorator object at 0x74b603843700>, verb_extension=<colcon_core.verb.build.BuildVerb object at 0x74b603843190>, main=<bound method BuildVerb.main of <colcon_core.verb.build.BuildVerb object at 0x74b603843190>>)
[0.275s] Level 1:colcon.colcon_core.package_discovery:discover_packages(colcon_meta) check parameters
[0.275s] Level 1:colcon.colcon_core.package_discovery:discover_packages(recursive) check parameters
[0.275s] Level 1:colcon.colcon_core.package_discovery:discover_packages(ignore) check parameters
[0.276s] Level 1:colcon.colcon_core.package_discovery:discover_packages(path) check parameters
[0.276s] Level 1:colcon.colcon_core.package_discovery:discover_packages(colcon_meta) discover
[0.276s] Level 1:colcon.colcon_core.package_discovery:discover_packages(recursive) discover
[0.276s] INFO:colcon.colcon_core.package_discovery:Crawling recursively for packages in '/home/stojan/ros2_ws/src'
[0.276s] Level 1:colcon.colcon_core.package_identification:_identify(.) by extensions ['ignore', 'ignore_ament_install']
[0.276s] Level 1:colcon.colcon_core.package_identification:_identify(.) by extension 'ignore'
[0.276s] Level 1:colcon.colcon_core.package_identification:_identify(.) by extension 'ignore_ament_install'
[0.276s] Level 1:colcon.colcon_core.package_identification:_identify(.) by extensions ['colcon_pkg']
[0.276s] Level 1:colcon.colcon_core.package_identification:_identify(.) by extension 'colcon_pkg'
[0.276s] Level 1:colcon.colcon_core.package_identification:_identify(.) by extensions ['colcon_meta']
[0.276s] Level 1:colcon.colcon_core.package_identification:_identify(.) by extension 'colcon_meta'
[0.276s] Level 1:colcon.colcon_core.package_identification:_identify(.) by extensions ['ros']
[0.276s] Level 1:colcon.colcon_core.package_identification:_identify(.) by extension 'ros'
[0.285s] Level 1:colcon.colcon_core.package_identification:_identify(.) by extensions ['cmake', 'python']
[0.285s] Level 1:colcon.colcon_core.package_identification:_identify(.) by extension 'cmake'
[0.286s] Level 1:colcon.colcon_core.package_identification:_identify(.) by extension 'python'
[0.286s] Level 1:colcon.colcon_core.package_identification:_identify(.) by extensions ['python_setup_py']
[0.286s] Level 1:colcon.colcon_core.package_identification:_identify(.) by extension 'python_setup_py'
[0.286s] Level 1:colcon.colcon_core.package_identification:_identify(build) by extensions ['ignore', 'ignore_ament_install']
[0.286s] Level 1:colcon.colcon_core.package_identification:_identify(build) by extension 'ignore'
[0.286s] Level 1:colcon.colcon_core.package_identification:_identify(build) ignored
[0.286s] Level 1:colcon.colcon_core.package_identification:_identify(install) by extensions ['ignore', 'ignore_ament_install']
[0.286s] Level 1:colcon.colcon_core.package_identification:_identify(install) by extension 'ignore'
[0.286s] Level 1:colcon.colcon_core.package_identification:_identify(install) ignored
[0.286s] Level 1:colcon.colcon_core.package_identification:_identify(log) by extensions ['ignore', 'ignore_ament_install']
[0.286s] Level 1:colcon.colcon_core.package_identification:_identify(log) by extension 'ignore'
[0.286s] Level 1:colcon.colcon_core.package_identification:_identify(log) ignored
[0.286s] Level 1:colcon.colcon_core.package_identification:_identify(realsense_tester) by extensions ['ignore', 'ignore_ament_install']
[0.286s] Level 1:colcon.colcon_core.package_identification:_identify(realsense_tester) by extension 'ignore'
[0.286s] Level 1:colcon.colcon_core.package_identification:_identify(realsense_tester) by extension 'ignore_ament_install'
[0.286s] Level 1:colcon.colcon_core.package_identification:_identify(realsense_tester) by extensions ['colcon_pkg']
[0.286s] Level 1:colcon.colcon_core.package_identification:_identify(realsense_tester) by extension 'colcon_pkg'
[0.287s] Level 1:colcon.colcon_core.package_identification:_identify(realsense_tester) by extensions ['colcon_meta']
[0.287s] Level 1:colcon.colcon_core.package_identification:_identify(realsense_tester) by extension 'colcon_meta'
[0.287s] Level 1:colcon.colcon_core.package_identification:_identify(realsense_tester) by extensions ['ros']
[0.287s] Level 1:colcon.colcon_core.package_identification:_identify(realsense_tester) by extension 'ros'
[0.289s] DEBUG:colcon.colcon_core.package_identification:Package 'realsense_tester' with type 'ros.ament_python' and name 'realsense_tester'
[0.289s] Level 1:colcon.colcon_core.package_discovery:discover_packages(recursive) using defaults
[0.289s] Level 1:colcon.colcon_core.package_discovery:discover_packages(ignore) discover
[0.289s] Level 1:colcon.colcon_core.package_discovery:discover_packages(ignore) using defaults
[0.289s] Level 1:colcon.colcon_core.package_discovery:discover_packages(path) discover
[0.289s] Level 1:colcon.colcon_core.package_discovery:discover_packages(path) using defaults
[0.306s] Level 1:colcon.colcon_core.package_discovery:discover_packages(prefix_path) check parameters
[0.306s] Level 1:colcon.colcon_core.package_discovery:discover_packages(prefix_path) discover
[0.309s] DEBUG:colcon.colcon_installed_package_information.package_discovery:Found 276 installed packages in /opt/ros/humble
[0.310s] Level 1:colcon.colcon_core.package_discovery:discover_packages(prefix_path) using defaults
[0.344s] Level 5:colcon.colcon_core.verb:set package 'realsense_tester' build argument 'cmake_args' from command line to 'None'
[0.344s] Level 5:colcon.colcon_core.verb:set package 'realsense_tester' build argument 'cmake_target' from command line to 'None'
[0.344s] Level 5:colcon.colcon_core.verb:set package 'realsense_tester' build argument 'cmake_target_skip_unavailable' from command line to 'False'
[0.344s] Level 5:colcon.colcon_core.verb:set package 'realsense_tester' build argument 'cmake_clean_cache' from command line to 'False'
[0.344s] Level 5:colcon.colcon_core.verb:set package 'realsense_tester' build argument 'cmake_clean_first' from command line to 'False'
[0.344s] Level 5:colcon.colcon_core.verb:set package 'realsense_tester' build argument 'cmake_force_configure' from command line to 'False'
[0.344s] Level 5:colcon.colcon_core.verb:set package 'realsense_tester' build argument 'ament_cmake_args' from command line to 'None'
[0.344s] Level 5:colcon.colcon_core.verb:set package 'realsense_tester' build argument 'catkin_cmake_args' from command line to 'None'
[0.344s] Level 5:colcon.colcon_core.verb:set package 'realsense_tester' build argument 'catkin_skip_building_tests' from command line to 'False'
[0.344s] DEBUG:colcon.colcon_core.verb:Building package 'realsense_tester' with the following arguments: {'ament_cmake_args': None, 'build_base': '/home/stojan/ros2_ws/src/build/realsense_tester', 'catkin_cmake_args': None, 'catkin_skip_building_tests': False, 'cmake_args': None, 'cmake_clean_cache': False, 'cmake_clean_first': False, 'cmake_force_configure': False, 'cmake_target': None, 'cmake_target_skip_unavailable': False, 'install_base': '/home/stojan/ros2_ws/src/install/realsense_tester', 'merge_install': False, 'path': '/home/stojan/ros2_ws/src/realsense_tester', 'symlink_install': False, 'test_result_base': None}
[0.344s] INFO:colcon.colcon_core.executor:Executing jobs using 'parallel' executor
[0.345s] DEBUG:colcon.colcon_parallel_executor.executor.parallel:run_until_complete
[0.345s] INFO:colcon.colcon_ros.task.ament_python.build:Building ROS package in '/home/stojan/ros2_ws/src/realsense_tester' with build type 'ament_python'
[0.345s] Level 1:colcon.colcon_core.shell:create_environment_hook('realsense_tester', 'ament_prefix_path')
[0.347s] INFO:colcon.colcon_core.plugin_system:Skipping extension 'colcon_core.shell.bat': Not used on non-Windows systems
[0.347s] INFO:colcon.colcon_core.shell:Creating environment hook '/home/stojan/ros2_ws/src/install/realsense_tester/share/realsense_tester/hook/ament_prefix_path.ps1'
[0.348s] INFO:colcon.colcon_core.shell:Creating environment descriptor '/home/stojan/ros2_ws/src/install/realsense_tester/share/realsense_tester/hook/ament_prefix_path.dsv'
[0.348s] INFO:colcon.colcon_core.shell:Creating environment hook '/home/stojan/ros2_ws/src/install/realsense_tester/share/realsense_tester/hook/ament_prefix_path.sh'
[0.349s] INFO:colcon.colcon_core.shell:Skip shell extension 'powershell' for command environment: Not usable outside of PowerShell
[0.349s] DEBUG:colcon.colcon_core.shell:Skip shell extension 'dsv' for command environment
[0.573s] INFO:colcon.colcon_core.task.python.build:Building Python package in '/home/stojan/ros2_ws/src/realsense_tester'
[0.573s] INFO:colcon.colcon_core.shell:Skip shell extension 'powershell' for command environment: Not usable outside of PowerShell
[0.573s] DEBUG:colcon.colcon_core.shell:Skip shell extension 'dsv' for command environment
[0.862s] DEBUG:colcon.colcon_core.event_handler.log_command:Invoking command in '/home/stojan/ros2_ws/src/realsense_tester': PYTHONPATH=/home/stojan/ros2_ws/src/build/realsense_tester/prefix_override:/home/stojan/.local/lib/python3.10/site-packages/colcon_core/task/python/colcon_distutils_commands:/home/stojan/ros2_ws/src/install/realsense_tester/lib/python3.10/site-packages:${PYTHONPATH} /usr/bin/python3 -W ignore:setup.py install is deprecated -W ignore:easy_install command is deprecated setup.py egg_info --egg-base ../build/realsense_tester build --build-base /home/stojan/ros2_ws/src/build/realsense_tester/build install --record /home/stojan/ros2_ws/src/build/realsense_tester/install.log --single-version-externally-managed install_data
[1.116s] DEBUG:colcon.colcon_core.event_handler.log_command:Invoked command in '/home/stojan/ros2_ws/src/realsense_tester' returned '0': PYTHONPATH=/home/stojan/ros2_ws/src/build/realsense_tester/prefix_override:/home/stojan/.local/lib/python3.10/site-packages/colcon_core/task/python/colcon_distutils_commands:/home/stojan/ros2_ws/src/install/realsense_tester/lib/python3.10/site-packages:${PYTHONPATH} /usr/bin/python3 -W ignore:setup.py install is deprecated -W ignore:easy_install command is deprecated setup.py egg_info --egg-base ../build/realsense_tester build --build-base /home/stojan/ros2_ws/src/build/realsense_tester/build install --record /home/stojan/ros2_ws/src/build/realsense_tester/install.log --single-version-externally-managed install_data
[1.118s] Level 1:colcon.colcon_core.environment:checking '/home/stojan/ros2_ws/src/install/realsense_tester' for CMake module files
[1.119s] Level 1:colcon.colcon_core.environment:checking '/home/stojan/ros2_ws/src/install/realsense_tester' for CMake config files
[1.119s] Level 1:colcon.colcon_core.environment:checking '/home/stojan/ros2_ws/src/install/realsense_tester/lib'
[1.119s] Level 1:colcon.colcon_core.environment:checking '/home/stojan/ros2_ws/src/install/realsense_tester/bin'
[1.119s] Level 1:colcon.colcon_core.environment:checking '/home/stojan/ros2_ws/src/install/realsense_tester/lib/pkgconfig/realsense_tester.pc'
[1.120s] Level 1:colcon.colcon_core.environment:checking '/home/stojan/ros2_ws/src/install/realsense_tester/lib/python3.10/site-packages'
[1.120s] Level 1:colcon.colcon_core.shell:create_environment_hook('realsense_tester', 'pythonpath')
[1.120s] INFO:colcon.colcon_core.shell:Creating environment hook '/home/stojan/ros2_ws/src/install/realsense_tester/share/realsense_tester/hook/pythonpath.ps1'
[1.120s] INFO:colcon.colcon_core.shell:Creating environment descriptor '/home/stojan/ros2_ws/src/install/realsense_tester/share/realsense_tester/hook/pythonpath.dsv'
[1.121s] INFO:colcon.colcon_core.shell:Creating environment hook '/home/stojan/ros2_ws/src/install/realsense_tester/share/realsense_tester/hook/pythonpath.sh'
[1.121s] Level 1:colcon.colcon_core.environment:checking '/home/stojan/ros2_ws/src/install/realsense_tester/bin'
[1.121s] Level 1:colcon.colcon_core.environment:create_environment_scripts_only(realsense_tester)
[1.121s] INFO:colcon.colcon_core.shell:Creating package script '/home/stojan/ros2_ws/src/install/realsense_tester/share/realsense_tester/package.ps1'
[1.122s] INFO:colcon.colcon_core.shell:Creating package descriptor '/home/stojan/ros2_ws/src/install/realsense_tester/share/realsense_tester/package.dsv'
[1.123s] INFO:colcon.colcon_core.shell:Creating package script '/home/stojan/ros2_ws/src/install/realsense_tester/share/realsense_tester/package.sh'
[1.123s] INFO:colcon.colcon_core.shell:Creating package script '/home/stojan/ros2_ws/src/install/realsense_tester/share/realsense_tester/package.bash'
[1.124s] INFO:colcon.colcon_core.shell:Creating package script '/home/stojan/ros2_ws/src/install/realsense_tester/share/realsense_tester/package.zsh'
[1.124s] Level 1:colcon.colcon_core.environment:create_file_with_runtime_dependencies(/home/stojan/ros2_ws/src/install/realsense_tester/share/colcon-core/packages/realsense_tester)
[1.125s] DEBUG:colcon.colcon_parallel_executor.executor.parallel:closing loop
[1.125s] DEBUG:colcon.colcon_parallel_executor.executor.parallel:loop closed
[1.125s] DEBUG:colcon.colcon_parallel_executor.executor.parallel:run_until_complete finished with '0'
[1.125s] DEBUG:colcon.colcon_core.event_reactor:joining thread
[1.129s] INFO:colcon.colcon_core.plugin_system:Skipping extension 'colcon_notification.desktop_notification.terminal_notifier': Not used on non-Darwin systems
[1.129s] INFO:colcon.colcon_core.plugin_system:Skipping extension 'colcon_notification.desktop_notification.win32': Not used on non-Windows systems
[1.129s] INFO:colcon.colcon_notification.desktop_notification:Sending desktop notification using 'notify2'
[1.141s] DEBUG:colcon.colcon_core.event_reactor:joined thread
[1.141s] INFO:colcon.colcon_core.shell:Creating prefix script '/home/stojan/ros2_ws/src/install/local_setup.ps1'
[1.142s] INFO:colcon.colcon_core.shell:Creating prefix util module '/home/stojan/ros2_ws/src/install/_local_setup_util_ps1.py'
[1.143s] INFO:colcon.colcon_core.shell:Creating prefix chain script '/home/stojan/ros2_ws/src/install/setup.ps1'
[1.144s] INFO:colcon.colcon_core.shell:Creating prefix script '/home/stojan/ros2_ws/src/install/local_setup.sh'
[1.144s] INFO:colcon.colcon_core.shell:Creating prefix util module '/home/stojan/ros2_ws/src/install/_local_setup_util_sh.py'
[1.145s] INFO:colcon.colcon_core.shell:Creating prefix chain script '/home/stojan/ros2_ws/src/install/setup.sh'
[1.146s] INFO:colcon.colcon_core.shell:Creating prefix script '/home/stojan/ros2_ws/src/install/local_setup.bash'
[1.146s] INFO:colcon.colcon_core.shell:Creating prefix chain script '/home/stojan/ros2_ws/src/install/setup.bash'
[1.147s] INFO:colcon.colcon_core.shell:Creating prefix script '/home/stojan/ros2_ws/src/install/local_setup.zsh'
[1.147s] INFO:colcon.colcon_core.shell:Creating prefix chain script '/home/stojan/ros2_ws/src/install/setup.zsh'
