[0.132s] DEBUG:colcon:Command line arguments: ['/home/stojan/.local/bin/colcon', 'build', '--symlink-install']
[0.132s] DEBUG:colcon:Parsed command line arguments: Namespace(log_base=None, log_level=None, verb_name='build', build_base='build', install_base='install', merge_install=False, symlink_install=True, test_result_base=None, continue_on_error=False, executor='parallel', parallel_workers=12, event_handlers=None, ignore_user_meta=False, metas=['./colcon.meta'], base_paths=['.'], packages_ignore=None, packages_ignore_regex=None, paths=None, packages_up_to=None, packages_up_to_regex=None, packages_above=None, packages_above_and_dependencies=None, packages_above_depth=None, packages_select_by_dep=None, packages_skip_by_dep=None, packages_skip_up_to=None, packages_select_build_failed=False, packages_skip_build_finished=False, packages_select_test_failures=False, packages_skip_test_passed=False, packages_select=None, packages_skip=None, packages_select_regex=None, packages_skip_regex=None, packages_start=None, packages_end=None, allow_overriding=[], cmake_args=None, cmake_target=None, cmake_target_skip_unavailable=False, cmake_clean_cache=False, cmake_clean_first=False, cmake_force_configure=False, ament_cmake_args=None, catkin_cmake_args=None, catkin_skip_building_tests=False, verb_parser=<colcon_defaults.argument_parser.defaults.DefaultArgumentsDecorator object at 0x7ebaf1823070>, verb_extension=<colcon_core.verb.build.BuildVerb object at 0x7ebaf1822b00>, main=<bound method BuildVerb.main of <colcon_core.verb.build.BuildVerb object at 0x7ebaf1822b00>>)
[0.277s] Level 1:colcon.colcon_core.package_discovery:discover_packages(colcon_meta) check parameters
[0.277s] Level 1:colcon.colcon_core.package_discovery:discover_packages(recursive) check parameters
[0.278s] Level 1:colcon.colcon_core.package_discovery:discover_packages(ignore) check parameters
[0.278s] Level 1:colcon.colcon_core.package_discovery:discover_packages(path) check parameters
[0.278s] Level 1:colcon.colcon_core.package_discovery:discover_packages(colcon_meta) discover
[0.278s] Level 1:colcon.colcon_core.package_discovery:discover_packages(recursive) discover
[0.278s] INFO:colcon.colcon_core.package_discovery:Crawling recursively for packages in '/home/stojan/ros2_ws/src'
[0.278s] Level 1:colcon.colcon_core.package_identification:_identify(.) by extensions ['ignore', 'ignore_ament_install']
[0.278s] Level 1:colcon.colcon_core.package_identification:_identify(.) by extension 'ignore'
[0.278s] Level 1:colcon.colcon_core.package_identification:_identify(.) by extension 'ignore_ament_install'
[0.278s] Level 1:colcon.colcon_core.package_identification:_identify(.) by extensions ['colcon_pkg']
[0.278s] Level 1:colcon.colcon_core.package_identification:_identify(.) by extension 'colcon_pkg'
[0.278s] Level 1:colcon.colcon_core.package_identification:_identify(.) by extensions ['colcon_meta']
[0.278s] Level 1:colcon.colcon_core.package_identification:_identify(.) by extension 'colcon_meta'
[0.278s] Level 1:colcon.colcon_core.package_identification:_identify(.) by extensions ['ros']
[0.278s] Level 1:colcon.colcon_core.package_identification:_identify(.) by extension 'ros'
[0.288s] Level 1:colcon.colcon_core.package_identification:_identify(.) by extensions ['cmake', 'python']
[0.288s] Level 1:colcon.colcon_core.package_identification:_identify(.) by extension 'cmake'
[0.288s] Level 1:colcon.colcon_core.package_identification:_identify(.) by extension 'python'
[0.288s] Level 1:colcon.colcon_core.package_identification:_identify(.) by extensions ['python_setup_py']
[0.288s] Level 1:colcon.colcon_core.package_identification:_identify(.) by extension 'python_setup_py'
[0.288s] Level 1:colcon.colcon_core.package_identification:_identify(build) by extensions ['ignore', 'ignore_ament_install']
[0.288s] Level 1:colcon.colcon_core.package_identification:_identify(build) by extension 'ignore'
[0.288s] Level 1:colcon.colcon_core.package_identification:_identify(build) ignored
[0.289s] Level 1:colcon.colcon_core.package_identification:_identify(install) by extensions ['ignore', 'ignore_ament_install']
[0.289s] Level 1:colcon.colcon_core.package_identification:_identify(install) by extension 'ignore'
[0.289s] Level 1:colcon.colcon_core.package_identification:_identify(install) ignored
[0.289s] Level 1:colcon.colcon_core.package_identification:_identify(log) by extensions ['ignore', 'ignore_ament_install']
[0.289s] Level 1:colcon.colcon_core.package_identification:_identify(log) by extension 'ignore'
[0.289s] Level 1:colcon.colcon_core.package_identification:_identify(log) ignored
[0.289s] Level 1:colcon.colcon_core.package_identification:_identify(realsense_tester) by extensions ['ignore', 'ignore_ament_install']
[0.289s] Level 1:colcon.colcon_core.package_identification:_identify(realsense_tester) by extension 'ignore'
[0.289s] Level 1:colcon.colcon_core.package_identification:_identify(realsense_tester) by extension 'ignore_ament_install'
[0.289s] Level 1:colcon.colcon_core.package_identification:_identify(realsense_tester) by extensions ['colcon_pkg']
[0.289s] Level 1:colcon.colcon_core.package_identification:_identify(realsense_tester) by extension 'colcon_pkg'
[0.289s] Level 1:colcon.colcon_core.package_identification:_identify(realsense_tester) by extensions ['colcon_meta']
[0.289s] Level 1:colcon.colcon_core.package_identification:_identify(realsense_tester) by extension 'colcon_meta'
[0.289s] Level 1:colcon.colcon_core.package_identification:_identify(realsense_tester) by extensions ['ros']
[0.289s] Level 1:colcon.colcon_core.package_identification:_identify(realsense_tester) by extension 'ros'
[0.292s] DEBUG:colcon.colcon_core.package_identification:Package 'realsense_tester' with type 'ros.ament_python' and name 'realsense_tester'
[0.292s] Level 1:colcon.colcon_core.package_discovery:discover_packages(recursive) using defaults
[0.293s] Level 1:colcon.colcon_core.package_discovery:discover_packages(ignore) discover
[0.293s] Level 1:colcon.colcon_core.package_discovery:discover_packages(ignore) using defaults
[0.293s] Level 1:colcon.colcon_core.package_discovery:discover_packages(path) discover
[0.293s] Level 1:colcon.colcon_core.package_discovery:discover_packages(path) using defaults
[0.317s] Level 1:colcon.colcon_core.package_discovery:discover_packages(prefix_path) check parameters
[0.317s] Level 1:colcon.colcon_core.package_discovery:discover_packages(prefix_path) discover
[0.319s] DEBUG:colcon.colcon_installed_package_information.package_discovery:Found 276 installed packages in /opt/ros/humble
[0.321s] Level 1:colcon.colcon_core.package_discovery:discover_packages(prefix_path) using defaults
[0.374s] Level 5:colcon.colcon_core.verb:set package 'realsense_tester' build argument 'cmake_args' from command line to 'None'
[0.374s] Level 5:colcon.colcon_core.verb:set package 'realsense_tester' build argument 'cmake_target' from command line to 'None'
[0.374s] Level 5:colcon.colcon_core.verb:set package 'realsense_tester' build argument 'cmake_target_skip_unavailable' from command line to 'False'
[0.374s] Level 5:colcon.colcon_core.verb:set package 'realsense_tester' build argument 'cmake_clean_cache' from command line to 'False'
[0.374s] Level 5:colcon.colcon_core.verb:set package 'realsense_tester' build argument 'cmake_clean_first' from command line to 'False'
[0.374s] Level 5:colcon.colcon_core.verb:set package 'realsense_tester' build argument 'cmake_force_configure' from command line to 'False'
[0.374s] Level 5:colcon.colcon_core.verb:set package 'realsense_tester' build argument 'ament_cmake_args' from command line to 'None'
[0.374s] Level 5:colcon.colcon_core.verb:set package 'realsense_tester' build argument 'catkin_cmake_args' from command line to 'None'
[0.374s] Level 5:colcon.colcon_core.verb:set package 'realsense_tester' build argument 'catkin_skip_building_tests' from command line to 'False'
[0.374s] DEBUG:colcon.colcon_core.verb:Building package 'realsense_tester' with the following arguments: {'ament_cmake_args': None, 'build_base': '/home/stojan/ros2_ws/src/build/realsense_tester', 'catkin_cmake_args': None, 'catkin_skip_building_tests': False, 'cmake_args': None, 'cmake_clean_cache': False, 'cmake_clean_first': False, 'cmake_force_configure': False, 'cmake_target': None, 'cmake_target_skip_unavailable': False, 'install_base': '/home/stojan/ros2_ws/src/install/realsense_tester', 'merge_install': False, 'path': '/home/stojan/ros2_ws/src/realsense_tester', 'symlink_install': True, 'test_result_base': None}
[0.375s] INFO:colcon.colcon_core.executor:Executing jobs using 'parallel' executor
[0.375s] DEBUG:colcon.colcon_parallel_executor.executor.parallel:run_until_complete
[0.376s] INFO:colcon.colcon_ros.task.ament_python.build:Building ROS package in '/home/stojan/ros2_ws/src/realsense_tester' with build type 'ament_python'
[0.376s] Level 1:colcon.colcon_core.shell:create_environment_hook('realsense_tester', 'ament_prefix_path')
[0.377s] INFO:colcon.colcon_core.plugin_system:Skipping extension 'colcon_core.shell.bat': Not used on non-Windows systems
[0.378s] INFO:colcon.colcon_core.shell:Creating environment hook '/home/stojan/ros2_ws/src/install/realsense_tester/share/realsense_tester/hook/ament_prefix_path.ps1'
[0.378s] INFO:colcon.colcon_core.shell:Creating environment descriptor '/home/stojan/ros2_ws/src/install/realsense_tester/share/realsense_tester/hook/ament_prefix_path.dsv'
[0.379s] INFO:colcon.colcon_core.shell:Creating environment hook '/home/stojan/ros2_ws/src/install/realsense_tester/share/realsense_tester/hook/ament_prefix_path.sh'
[0.379s] INFO:colcon.colcon_core.shell:Skip shell extension 'powershell' for command environment: Not usable outside of PowerShell
[0.379s] DEBUG:colcon.colcon_core.shell:Skip shell extension 'dsv' for command environment
[0.650s] INFO:colcon.colcon_core.task.python.build:Building Python package in '/home/stojan/ros2_ws/src/realsense_tester'
[0.650s] INFO:colcon.colcon_core.shell:Skip shell extension 'powershell' for command environment: Not usable outside of PowerShell
[0.650s] DEBUG:colcon.colcon_core.shell:Skip shell extension 'dsv' for command environment
[1.103s] DEBUG:colcon.colcon_core.task.python.build:While undoing a previous installation files outside the Python library path are being ignored: /home/stojan/ros2_ws/src/install/realsense_tester/share/ament_index/resource_index/packages/realsense_tester
[1.103s] DEBUG:colcon.colcon_core.task.python.build:While undoing a previous installation files outside the Python library path are being ignored: /home/stojan/ros2_ws/src/install/realsense_tester/share/realsense_tester/package.xml
[1.103s] DEBUG:colcon.colcon_core.task.python.build:While undoing a previous installation files outside the Python library path are being ignored: /home/stojan/ros2_ws/src/install/realsense_tester/lib/realsense_tester/realsense_test_node
[1.107s] DEBUG:colcon.colcon_core.event_handler.log_command:Invoking command in '/home/stojan/ros2_ws/src/build/realsense_tester': PYTHONPATH=/home/stojan/ros2_ws/src/build/realsense_tester/prefix_override:/home/stojan/.local/lib/python3.10/site-packages/colcon_core/task/python/colcon_distutils_commands:/home/stojan/ros2_ws/src/install/realsense_tester/lib/python3.10/site-packages:${PYTHONPATH} /usr/bin/python3 -W ignore:setup.py install is deprecated -W ignore:easy_install command is deprecated setup.py develop --editable --build-directory /home/stojan/ros2_ws/src/build/realsense_tester/build --no-deps symlink_data --force
[1.599s] Level 1:colcon.colcon_core.shell:create_environment_hook('realsense_tester', 'pythonpath_develop')
[1.600s] INFO:colcon.colcon_core.shell:Creating environment hook '/home/stojan/ros2_ws/src/build/realsense_tester/share/realsense_tester/hook/pythonpath_develop.ps1'
[1.601s] DEBUG:colcon.colcon_core.event_handler.log_command:Invoked command in '/home/stojan/ros2_ws/src/build/realsense_tester' returned '0': PYTHONPATH=/home/stojan/ros2_ws/src/build/realsense_tester/prefix_override:/home/stojan/.local/lib/python3.10/site-packages/colcon_core/task/python/colcon_distutils_commands:/home/stojan/ros2_ws/src/install/realsense_tester/lib/python3.10/site-packages:${PYTHONPATH} /usr/bin/python3 -W ignore:setup.py install is deprecated -W ignore:easy_install command is deprecated setup.py develop --editable --build-directory /home/stojan/ros2_ws/src/build/realsense_tester/build --no-deps symlink_data --force
[1.601s] INFO:colcon.colcon_core.shell:Creating environment descriptor '/home/stojan/ros2_ws/src/build/realsense_tester/share/realsense_tester/hook/pythonpath_develop.dsv'
[1.601s] INFO:colcon.colcon_core.shell:Creating environment hook '/home/stojan/ros2_ws/src/build/realsense_tester/share/realsense_tester/hook/pythonpath_develop.sh'
[1.604s] Level 1:colcon.colcon_core.environment:checking '/home/stojan/ros2_ws/src/install/realsense_tester' for CMake module files
[1.605s] Level 1:colcon.colcon_core.environment:checking '/home/stojan/ros2_ws/src/install/realsense_tester' for CMake config files
[1.605s] Level 1:colcon.colcon_core.environment:checking '/home/stojan/ros2_ws/src/install/realsense_tester/lib'
[1.605s] Level 1:colcon.colcon_core.environment:checking '/home/stojan/ros2_ws/src/install/realsense_tester/bin'
[1.606s] Level 1:colcon.colcon_core.environment:checking '/home/stojan/ros2_ws/src/install/realsense_tester/lib/pkgconfig/realsense_tester.pc'
[1.606s] Level 1:colcon.colcon_core.environment:checking '/home/stojan/ros2_ws/src/install/realsense_tester/lib/python3.10/site-packages'
[1.606s] Level 1:colcon.colcon_core.shell:create_environment_hook('realsense_tester', 'pythonpath')
[1.606s] INFO:colcon.colcon_core.shell:Creating environment hook '/home/stojan/ros2_ws/src/install/realsense_tester/share/realsense_tester/hook/pythonpath.ps1'
[1.607s] INFO:colcon.colcon_core.shell:Creating environment descriptor '/home/stojan/ros2_ws/src/install/realsense_tester/share/realsense_tester/hook/pythonpath.dsv'
[1.607s] INFO:colcon.colcon_core.shell:Creating environment hook '/home/stojan/ros2_ws/src/install/realsense_tester/share/realsense_tester/hook/pythonpath.sh'
[1.608s] Level 1:colcon.colcon_core.environment:checking '/home/stojan/ros2_ws/src/install/realsense_tester/bin'
[1.608s] Level 1:colcon.colcon_core.environment:create_environment_scripts_only(realsense_tester)
[1.608s] INFO:colcon.colcon_core.shell:Creating package script '/home/stojan/ros2_ws/src/install/realsense_tester/share/realsense_tester/package.ps1'
[1.609s] INFO:colcon.colcon_core.shell:Creating package descriptor '/home/stojan/ros2_ws/src/install/realsense_tester/share/realsense_tester/package.dsv'
[1.609s] INFO:colcon.colcon_core.shell:Creating package script '/home/stojan/ros2_ws/src/install/realsense_tester/share/realsense_tester/package.sh'
[1.610s] INFO:colcon.colcon_core.shell:Creating package script '/home/stojan/ros2_ws/src/install/realsense_tester/share/realsense_tester/package.bash'
[1.611s] INFO:colcon.colcon_core.shell:Creating package script '/home/stojan/ros2_ws/src/install/realsense_tester/share/realsense_tester/package.zsh'
[1.612s] Level 1:colcon.colcon_core.environment:create_file_with_runtime_dependencies(/home/stojan/ros2_ws/src/install/realsense_tester/share/colcon-core/packages/realsense_tester)
[1.612s] DEBUG:colcon.colcon_parallel_executor.executor.parallel:closing loop
[1.612s] DEBUG:colcon.colcon_parallel_executor.executor.parallel:loop closed
[1.612s] DEBUG:colcon.colcon_parallel_executor.executor.parallel:run_until_complete finished with '0'
[1.612s] DEBUG:colcon.colcon_core.event_reactor:joining thread
[1.618s] INFO:colcon.colcon_core.plugin_system:Skipping extension 'colcon_notification.desktop_notification.terminal_notifier': Not used on non-Darwin systems
[1.618s] INFO:colcon.colcon_core.plugin_system:Skipping extension 'colcon_notification.desktop_notification.win32': Not used on non-Windows systems
[1.618s] INFO:colcon.colcon_notification.desktop_notification:Sending desktop notification using 'notify2'
[1.635s] DEBUG:colcon.colcon_core.event_reactor:joined thread
[1.636s] INFO:colcon.colcon_core.shell:Creating prefix script '/home/stojan/ros2_ws/src/install/local_setup.ps1'
[1.637s] INFO:colcon.colcon_core.shell:Creating prefix util module '/home/stojan/ros2_ws/src/install/_local_setup_util_ps1.py'
[1.639s] INFO:colcon.colcon_core.shell:Creating prefix chain script '/home/stojan/ros2_ws/src/install/setup.ps1'
[1.640s] INFO:colcon.colcon_core.shell:Creating prefix script '/home/stojan/ros2_ws/src/install/local_setup.sh'
[1.640s] INFO:colcon.colcon_core.shell:Creating prefix util module '/home/stojan/ros2_ws/src/install/_local_setup_util_sh.py'
[1.641s] INFO:colcon.colcon_core.shell:Creating prefix chain script '/home/stojan/ros2_ws/src/install/setup.sh'
[1.643s] INFO:colcon.colcon_core.shell:Creating prefix script '/home/stojan/ros2_ws/src/install/local_setup.bash'
[1.644s] INFO:colcon.colcon_core.shell:Creating prefix chain script '/home/stojan/ros2_ws/src/install/setup.bash'
[1.645s] INFO:colcon.colcon_core.shell:Creating prefix script '/home/stojan/ros2_ws/src/install/local_setup.zsh'
[1.646s] INFO:colcon.colcon_core.shell:Creating prefix chain script '/home/stojan/ros2_ws/src/install/setup.zsh'
